<?xml version="1.0" encoding="UTF-8"?>
<!-- Generated by org.testng.reporters.JUnitXMLReporter -->
<testsuite hostname="DESKTOP-18041999" ignored="0" name="Surefire test" tests="4" failures="0" timestamp="07 May 2021 03:16:40 GMT" time="121.272" errors="0">
  <testcase name="loginTest" time="30.904" classname="com.herokuapp.theinternet.PositiveTests"/>
  <testcase name="registrationTest" time="34.463" classname="com.herokuapp.theinternet.PositiveTests"/>
  <testcase name="incorrectUsernameTest" time="35.317" classname="com.herokuapp.theinternet.NegativeTests"/>
  <testcase name="incorrectPasswordTest" time="20.53" classname="com.herokuapp.theinternet.NegativeTests"/>
</testsuite> <!-- Surefire test -->
