<?xml version="1.0" encoding="UTF-8"?>
<!-- Generated by org.testng.reporters.JUnitXMLReporter -->
<testsuite ignored="0" hostname="LAPTOP-4PBM4I34" failures="0" tests="2" name="Default test" time="66.085" errors="0" timestamp="05 May 2021 04:06:43 GMT">
  <testcase classname="com.herokuapp.theinternet.NegativeTests" name="incorrectUsernameTest" time="35.035"/>
  <testcase classname="com.herokuapp.theinternet.NegativeTests" name="incorrectPasswordTest" time="30.952"/>
</testsuite> <!-- Default test -->
