<?xml version="1.0" encoding="UTF-8"?>
<testng-results ignored="0" total="2" passed="2" failed="0" skipped="0">
  <reporter-output>
  </reporter-output>
  <suite started-at="2021-05-05T04:05:36Z" name="Default suite" finished-at="2021-05-05T04:06:42Z" duration-ms="66085">
    <groups>
      <group name="smokeTests">
        <method signature="NegativeTests.incorrectUsernameTest()[pri:1, instance:com.herokuapp.theinternet.NegativeTests@2812b107]" name="incorrectUsernameTest" class="com.herokuapp.theinternet.NegativeTests"/>
      </group> <!-- smokeTests -->
      <group name="negativeTests">
        <method signature="NegativeTests.incorrectPasswordTest()[pri:2, instance:com.herokuapp.theinternet.NegativeTests@2812b107]" name="incorrectPasswordTest" class="com.herokuapp.theinternet.NegativeTests"/>
        <method signature="NegativeTests.incorrectUsernameTest()[pri:1, instance:com.herokuapp.theinternet.NegativeTests@2812b107]" name="incorrectUsernameTest" class="com.herokuapp.theinternet.NegativeTests"/>
      </group> <!-- negativeTests -->
    </groups>
    <test started-at="2021-05-05T04:05:36Z" name="Default test" finished-at="2021-05-05T04:06:42Z" duration-ms="66085">
      <class name="com.herokuapp.theinternet.NegativeTests">
        <test-method signature="incorrectUsernameTest()[pri:1, instance:com.herokuapp.theinternet.NegativeTests@2812b107]" started-at="2021-05-05T04:05:36Z" name="incorrectUsernameTest" finished-at="2021-05-05T04:06:11Z" duration-ms="35035" status="PASS">
          <reporter-output>
          </reporter-output>
        </test-method> <!-- incorrectUsernameTest -->
        <test-method signature="incorrectPasswordTest()[pri:2, instance:com.herokuapp.theinternet.NegativeTests@2812b107]" started-at="2021-05-05T04:06:11Z" name="incorrectPasswordTest" finished-at="2021-05-05T04:06:42Z" duration-ms="30952" status="PASS">
          <reporter-output>
          </reporter-output>
        </test-method> <!-- incorrectPasswordTest -->
      </class> <!-- com.herokuapp.theinternet.NegativeTests -->
    </test> <!-- Default test -->
  </suite> <!-- Default suite -->
</testng-results>
